#
# A fatal error has been detected by the Java Runtime Environment:
#
#  Internal Error (javaClasses.cpp:136), pid=13768, tid=14328
#  fatal error: Invalid layout of preloaded class
#
# JRE version:  (7.0_76-b13) (build )
# Java VM: Java HotSpot(TM) 64-Bit Server VM (24.76-b04 mixed mode windows-amd64 compressed oops)
# Failed to write core dump. Minidumps are not enabled by default on client versions of Windows
#
# If you would like to submit a bug report, please visit:
#   http://bugreport.java.com/bugreport/crash.jsp
#

---------------  T H R E A D  ---------------

Current thread (0x0000000001c3d800):  JavaThread "Unknown thread" [_thread_in_vm, id=14328, stack(0x0000000002720000,0x0000000002820000)]

Stack: [0x0000000002720000,0x0000000002820000]
[error occurred during error reporting (printing stack bounds), id 0xc0000005]


---------------  P R O C E S S  ---------------

Java Threads: ( => current thread )

Other Threads:

=>0x0000000001c3d800 (exited) JavaThread "Unknown thread" [_thread_in_vm, id=14328, stack(0x0000000002720000,0x0000000002820000)]

VM state:not at safepoint (not fully initialized)

VM Mutex/Monitor currently owned by a thread: None

GC Heap History (0 events):
No events

Deoptimization events (0 events):
No events

Internal exceptions (0 events):
No events

Events (10 events):
Event: 0.009 loading class 0x000000000fc30780 done
Event: 0.009 loading class 0x000000000fc30180 done
Event: 0.009 loading class 0x000000000fc30160
Event: 0.009 loading class 0x000000000fc382d0
Event: 0.009 loading class 0x000000000fc382d0 done
Event: 0.009 loading class 0x000000000fc38300
Event: 0.009 loading class 0x000000000fc38300 done
Event: 0.009 loading class 0x000000000fc38330
Event: 0.010 loading class 0x000000000fc38330 done
Event: 0.010 loading class 0x000000000fc30160 done


Dynamic libraries:
0x000000013f890000 - 0x000000013f8c3000 	D:\java\JDK\bin\javaw.exe
0x0000000076ff0000 - 0x0000000077199000 	C:\Windows\SYSTEM32\ntdll.dll
0x00000000768f0000 - 0x0000000076a0f000 	C:\Windows\system32\kernel32.dll
0x000007fefd7b0000 - 0x000007fefd81c000 	C:\Windows\system32\KERNELBASE.dll
0x000007feff100000 - 0x000007feff1db000 	C:\Windows\system32\ADVAPI32.dll
0x000007fefd950000 - 0x000007fefd9ef000 	C:\Windows\system32\msvcrt.dll
0x000007fefe8a0000 - 0x000007fefe8bf000 	C:\Windows\SYSTEM32\sechost.dll
0x000007fefe8c0000 - 0x000007fefe9ed000 	C:\Windows\system32\RPCRT4.dll
0x0000000076ef0000 - 0x0000000076fea000 	C:\Windows\system32\USER32.dll
0x000007fefe790000 - 0x000007fefe7f7000 	C:\Windows\system32\GDI32.dll
0x000007fefd9f0000 - 0x000007fefd9fe000 	C:\Windows\system32\LPK.dll
0x000007fefd820000 - 0x000007fefd8e9000 	C:\Windows\system32\USP10.dll
0x000007fefbb60000 - 0x000007fefbd54000 	C:\Windows\WinSxS\amd64_microsoft.windows.common-controls_6595b64144ccf1df_6.0.7601.18837_none_fa3b1e3d17594757\COMCTL32.dll
0x000007fefe820000 - 0x000007fefe891000 	C:\Windows\system32\SHLWAPI.dll
0x000007feff030000 - 0x000007feff05e000 	C:\Windows\system32\IMM32.DLL
0x000007fefee40000 - 0x000007fefef49000 	C:\Windows\system32\MSCTF.dll
0x0000000073050000 - 0x0000000073122000 	D:\java\JDK\jre\bin\msvcr100.dll
0x000000006c720000 - 0x000000006cef5000 	D:\java\JDK\jre\bin\server\jvm.dll
0x000007fef42c0000 - 0x000007fef42c9000 	C:\Windows\system32\WSOCK32.dll
0x000007fefe9f0000 - 0x000007fefea3d000 	C:\Windows\system32\WS2_32.dll
0x000007fefee30000 - 0x000007fefee38000 	C:\Windows\system32\NSI.dll
0x000007fef77f0000 - 0x000007fef782b000 	C:\Windows\system32\WINMM.dll
0x00000000771c0000 - 0x00000000771c7000 	C:\Windows\system32\PSAPI.DLL
0x0000000073200000 - 0x000000007320f000 	D:\java\JDK\jre\bin\verify.dll
0x00000000731d0000 - 0x00000000731f8000 	D:\java\JDK\jre\bin\java.dll
0x00000000731b0000 - 0x00000000731c5000 	D:\java\JDK\jre\bin\zip.dll

VM Arguments:
jvm_args: -Dfile.encoding=GBK -Xbootclasspath:D:\java\androidSDK\adt-bundle-windows-x86_64-22.3\adt-bundle-windows-x86_64-20131030\sdk\platforms\android-16\android.jar 
java_command: com.esunward.config.Global
Launcher Type: SUN_STANDARD

Environment Variables:
PATH=D:/java/JDK/bin/../jre/bin/server;D:/java/JDK/bin/../jre/bin;D:/java/JDK/bin/../jre/lib/amd64;C:\Windows\system32;C:\Windows;C:\Windows\System32\Wbem;C:\Windows\System32\WindowsPowerShell\v1.0\;D:\java\JDK\bin;;D:\java\androidSDK\adt-bundle-windows-x86_64-22.3\adt-bundle-windows-x86_64-20131030\eclipse;
USERNAME=Administrator
OS=Windows_NT
PROCESSOR_IDENTIFIER=Intel64 Family 6 Model 60 Stepping 3, GenuineIntel



---------------  S Y S T E M  ---------------

OS: Windows 7 , 64 bit Build 7601 Service Pack 1

CPU:total 8 (4 cores per cpu, 2 threads per core) family 6 model 60 stepping 3, cmov, cx8, fxsr, mmx, sse, sse2, sse3, ssse3, sse4.1, sse4.2, popcnt, avx, avx2, aes, erms, ht, tsc, tscinvbit

Memory: 4k page, physical 16701744k(10105808k free), swap 33401648k(25392324k free)

vm_info: Java HotSpot(TM) 64-Bit Server VM (24.76-b04) for windows-amd64 JRE (1.7.0_76-b13), built on Dec 18 2014 16:31:25 by "java_re" with unknown MS VC++:1600

time: Wed Apr 12 09:38:05 2017
elapsed time: 0 seconds

